2022-08-10 00:47:23,316 - hooks.CustomHooks -INFO - null => TEST_001 - GET Users
2022-08-10 00:47:23,322 - hooks.CustomHooks -INFO - ----------------------- TEST STARTED -----------------------
2022-08-10 00:47:23,332 - hooks.CustomHooks -INFO - null => User execute GET users API
2022-08-10 00:47:32,653 - hooks.CustomHooks -INFO - null => User verify response code 200
2022-08-10 00:47:32,666 - hooks.CustomHooks -INFO - null => User verify response contains Sarada Marar
2022-08-10 00:47:32,690 - hooks.CustomHooks -INFO - null => TEST_001 - GET Users
2022-08-10 00:47:32,690 - hooks.CustomHooks -INFO - ---------------------- TEST COMPLETED ----------------------
2022-08-10 00:47:32,697 - hooks.CustomHooks -INFO - null => TEST_002 - GET Comments
2022-08-10 00:47:32,698 - hooks.CustomHooks -INFO - ----------------------- TEST STARTED -----------------------
2022-08-10 00:47:32,698 - hooks.CustomHooks -INFO - null => User execute GET Comments API
2022-08-10 00:47:34,049 - hooks.CustomHooks -INFO - null => User verify response code 200
2022-08-10 00:47:34,050 - hooks.CustomHooks -INFO - null => User verify response contains Javas Desai
2022-08-10 00:47:34,052 - hooks.CustomHooks -INFO - null => TEST_002 - GET Comments
2022-08-10 00:47:34,053 - hooks.CustomHooks -INFO - ---------------------- TEST COMPLETED ----------------------
2022-08-10 00:49:38,713 - hooks.CustomHooks -INFO - null => TEST_001 - GET Users
2022-08-10 00:49:38,718 - hooks.CustomHooks -INFO - ----------------------- TEST STARTED -----------------------
2022-08-10 00:49:38,727 - hooks.CustomHooks -INFO - null => User execute GET users API
2022-08-10 00:49:48,417 - hooks.CustomHooks -INFO - null => User verify response code 200
2022-08-10 00:49:48,425 - hooks.CustomHooks -INFO - null => User verify response contains Sarada Marar
2022-08-10 00:49:48,454 - hooks.CustomHooks -INFO - null => TEST_001 - GET Users
2022-08-10 00:49:48,454 - hooks.CustomHooks -INFO - ---------------------- TEST COMPLETED ----------------------
2022-08-10 00:49:48,463 - hooks.CustomHooks -INFO - null => TEST_002 - GET Comments
2022-08-10 00:49:48,464 - hooks.CustomHooks -INFO - ----------------------- TEST STARTED -----------------------
2022-08-10 00:49:48,464 - hooks.CustomHooks -INFO - null => User execute GET Comments API
2022-08-10 00:49:49,851 - hooks.CustomHooks -INFO - null => User verify response code 200
2022-08-10 00:49:49,852 - hooks.CustomHooks -INFO - null => User verify response contains Javas Desai
2022-08-10 00:49:49,854 - hooks.CustomHooks -INFO - null => TEST_002 - GET Comments
2022-08-10 00:49:49,855 - hooks.CustomHooks -INFO - ---------------------- TEST COMPLETED ----------------------
2022-08-10 01:03:56,151 - hooks.CustomHooks -INFO - null => TEST_001 - GET Users
2022-08-10 01:03:56,158 - hooks.CustomHooks -INFO - ----------------------- TEST STARTED -----------------------
2022-08-10 01:03:56,174 - hooks.CustomHooks -INFO - null => User execute GET users API
2022-08-10 01:04:05,404 - hooks.CustomHooks -INFO - null => User verify response code 200
2022-08-10 01:04:05,417 - hooks.CustomHooks -INFO - null => User verify response contains Sarada Marar
2022-08-10 01:04:05,458 - hooks.CustomHooks -INFO - null => TEST_001 - GET Users
2022-08-10 01:04:05,459 - hooks.CustomHooks -INFO - ---------------------- TEST COMPLETED ----------------------
2022-08-10 01:04:05,468 - hooks.CustomHooks -INFO - null => TEST_002 - GET Comments
2022-08-10 01:04:05,469 - hooks.CustomHooks -INFO - ----------------------- TEST STARTED -----------------------
2022-08-10 01:04:05,469 - hooks.CustomHooks -INFO - null => User execute GET Comments API
2022-08-10 01:04:06,918 - hooks.CustomHooks -INFO - null => User verify response code 200
2022-08-10 01:04:06,918 - hooks.CustomHooks -INFO - null => User verify response contains Javas Desai
2022-08-10 01:04:06,920 - hooks.CustomHooks -INFO - null => TEST_002 - GET Comments
2022-08-10 01:04:06,920 - hooks.CustomHooks -INFO - ---------------------- TEST COMPLETED ----------------------
2022-08-10 01:05:18,284 - hooks.CustomHooks -INFO - null => TEST_001 - GET Users
2022-08-10 01:05:18,287 - hooks.CustomHooks -INFO - ----------------------- TEST STARTED -----------------------
2022-08-10 01:05:18,295 - hooks.CustomHooks -INFO - null => User execute GET users API
2022-08-10 01:05:27,368 - hooks.CustomHooks -INFO - null => User verify response code 200
2022-08-10 01:05:27,463 - hooks.CustomHooks -INFO - null => User verify response contains Sarada Marar
2022-08-10 01:05:27,470 - hooks.CustomHooks -INFO - null => TEST_001 - GET Users
2022-08-10 01:05:27,470 - hooks.CustomHooks -INFO - ---------------------- TEST COMPLETED ----------------------
2022-08-10 01:05:27,477 - hooks.CustomHooks -INFO - null => TEST_002 - GET Comments
2022-08-10 01:05:27,477 - hooks.CustomHooks -INFO - ----------------------- TEST STARTED -----------------------
2022-08-10 01:05:27,478 - hooks.CustomHooks -INFO - null => User execute GET Comments API
2022-08-10 01:05:28,778 - hooks.CustomHooks -INFO - null => User verify response code 200
2022-08-10 01:05:28,782 - hooks.CustomHooks -INFO - null => User verify response contains Javas Desai
2022-08-10 01:05:28,783 - hooks.CustomHooks -INFO - null => TEST_002 - GET Comments
2022-08-10 01:05:28,783 - hooks.CustomHooks -INFO - ---------------------- TEST COMPLETED ----------------------
2022-08-10 01:07:33,800 - hooks.CustomHooks -INFO - null => TEST_001 - GET Users
2022-08-10 01:07:33,805 - hooks.CustomHooks -INFO - ----------------------- TEST STARTED -----------------------
2022-08-10 01:07:33,814 - hooks.CustomHooks -INFO - null => User execute GET users API
2022-08-10 01:07:42,796 - hooks.CustomHooks -INFO - null => User verify response code 200
2022-08-10 01:07:42,887 - hooks.CustomHooks -INFO - null => User verify response contains Sarada Marar
2022-08-10 01:07:42,894 - hooks.CustomHooks -INFO - null => TEST_001 - GET Users
2022-08-10 01:07:42,895 - hooks.CustomHooks -INFO - ---------------------- TEST COMPLETED ----------------------
2022-08-10 01:07:42,901 - hooks.CustomHooks -INFO - null => TEST_002 - GET Comments
2022-08-10 01:07:42,901 - hooks.CustomHooks -INFO - ----------------------- TEST STARTED -----------------------
2022-08-10 01:07:42,901 - hooks.CustomHooks -INFO - null => User execute GET Comments API
2022-08-10 01:07:44,053 - hooks.CustomHooks -INFO - null => User verify response code 200
2022-08-10 01:07:44,059 - hooks.CustomHooks -INFO - null => User verify response contains Javas Desai
2022-08-10 01:07:44,060 - hooks.CustomHooks -INFO - null => TEST_002 - GET Comments
2022-08-10 01:07:44,060 - hooks.CustomHooks -INFO - ---------------------- TEST COMPLETED ----------------------
2022-08-10 01:08:59,898 - hooks.CustomHooks -INFO - null => TEST_001 - GET Users
2022-08-10 01:08:59,903 - hooks.CustomHooks -INFO - ----------------------- TEST STARTED -----------------------
2022-08-10 01:08:59,915 - hooks.CustomHooks -INFO - null => User execute GET users API
2022-08-10 01:09:09,026 - hooks.CustomHooks -INFO - null => User verify response code 200
2022-08-10 01:09:09,121 - hooks.CustomHooks -INFO - null => User verify response contains Sarada Marar
2022-08-10 01:09:09,125 - hooks.CustomHooks -INFO - null => TEST_001 - GET Users
2022-08-10 01:09:09,125 - hooks.CustomHooks -INFO - ---------------------- TEST COMPLETED ----------------------
2022-08-10 01:09:09,131 - hooks.CustomHooks -INFO - null => TEST_002 - GET Comments
2022-08-10 01:09:09,132 - hooks.CustomHooks -INFO - ----------------------- TEST STARTED -----------------------
2022-08-10 01:09:09,132 - hooks.CustomHooks -INFO - null => User execute GET Comments API
2022-08-10 01:09:10,059 - hooks.CustomHooks -INFO - null => User verify response code 200
2022-08-10 01:09:10,063 - hooks.CustomHooks -INFO - null => User verify response contains Javas Desai
2022-08-10 01:09:10,064 - hooks.CustomHooks -INFO - null => TEST_002 - GET Comments
2022-08-10 01:09:10,064 - hooks.CustomHooks -INFO - ---------------------- TEST COMPLETED ----------------------
2022-08-10 01:09:43,894 - hooks.CustomHooks -INFO - null => TEST_001 - GET Users
2022-08-10 01:09:43,900 - hooks.CustomHooks -INFO - ----------------------- TEST STARTED -----------------------
2022-08-10 01:09:43,910 - hooks.CustomHooks -INFO - null => User execute GET users API
2022-08-10 01:09:52,675 - hooks.CustomHooks -INFO - null => User verify response code 200
2022-08-10 01:09:52,766 - hooks.CustomHooks -INFO - null => User verify response contains Sarada Marar
2022-08-10 01:09:52,771 - hooks.CustomHooks -INFO - null => TEST_001 - GET Users
2022-08-10 01:09:52,771 - hooks.CustomHooks -INFO - ---------------------- TEST COMPLETED ----------------------
2022-08-10 01:09:52,777 - hooks.CustomHooks -INFO - null => TEST_002 - GET Comments
2022-08-10 01:09:52,777 - hooks.CustomHooks -INFO - ----------------------- TEST STARTED -----------------------
2022-08-10 01:09:52,778 - hooks.CustomHooks -INFO - null => User execute GET Comments API
2022-08-10 01:09:53,946 - hooks.CustomHooks -INFO - null => User verify response code 200
2022-08-10 01:09:53,950 - hooks.CustomHooks -INFO - null => User verify response contains Javas Desai
2022-08-10 01:09:53,951 - hooks.CustomHooks -INFO - null => TEST_002 - GET Comments
2022-08-10 01:09:53,951 - hooks.CustomHooks -INFO - ---------------------- TEST COMPLETED ----------------------
2022-08-10 01:10:32,131 - hooks.CustomHooks -INFO - null => TEST_001 - GET Users
2022-08-10 01:10:32,135 - hooks.CustomHooks -INFO - ----------------------- TEST STARTED -----------------------
2022-08-10 01:10:32,144 - hooks.CustomHooks -INFO - null => User execute GET users API
2022-08-10 01:10:41,128 - hooks.CustomHooks -INFO - null => User verify response code 200
2022-08-10 01:10:41,222 - hooks.CustomHooks -INFO - null => User verify response contains Sarada Marar
2022-08-10 01:10:41,228 - hooks.CustomHooks -INFO - null => TEST_001 - GET Users
2022-08-10 01:10:41,228 - hooks.CustomHooks -INFO - ---------------------- TEST COMPLETED ----------------------
2022-08-10 01:10:41,234 - hooks.CustomHooks -INFO - null => TEST_002 - GET Comments
2022-08-10 01:10:41,234 - hooks.CustomHooks -INFO - ----------------------- TEST STARTED -----------------------
2022-08-10 01:10:41,235 - hooks.CustomHooks -INFO - null => User execute GET Comments API
2022-08-10 01:10:42,518 - hooks.CustomHooks -INFO - null => User verify response code 200
2022-08-10 01:10:42,521 - hooks.CustomHooks -INFO - null => User verify response contains Javas Desai
2022-08-10 01:10:42,522 - hooks.CustomHooks -INFO - null => TEST_002 - GET Comments
2022-08-10 01:10:42,523 - hooks.CustomHooks -INFO - ---------------------- TEST COMPLETED ----------------------
2022-08-10 01:11:49,704 - hooks.CustomHooks -INFO - null => TEST_001 - GET Users
2022-08-10 01:11:49,708 - hooks.CustomHooks -INFO - ----------------------- TEST STARTED -----------------------
2022-08-10 01:11:49,718 - hooks.CustomHooks -INFO - null => User execute GET users API
2022-08-10 01:11:59,629 - hooks.CustomHooks -INFO - null => TEST_001 - GET Users
2022-08-10 01:11:59,629 - hooks.CustomHooks -INFO - ---------------------- TEST COMPLETED ----------------------
2022-08-10 01:11:59,641 - hooks.CustomHooks -INFO - null => TEST_002 - GET Comments
2022-08-10 01:11:59,641 - hooks.CustomHooks -INFO - ----------------------- TEST STARTED -----------------------
2022-08-10 01:11:59,642 - hooks.CustomHooks -INFO - null => User execute GET Comments API
2022-08-10 01:12:01,090 - hooks.CustomHooks -INFO - null => User verify response code 200
2022-08-10 01:12:01,206 - hooks.CustomHooks -INFO - null => User verify response contains Javas Desai
2022-08-10 01:12:01,207 - hooks.CustomHooks -INFO - null => TEST_002 - GET Comments
2022-08-10 01:12:01,207 - hooks.CustomHooks -INFO - ---------------------- TEST COMPLETED ----------------------
2022-08-10 01:13:34,499 - hooks.CustomHooks -INFO - null => TEST_001 - GET Users
2022-08-10 01:13:34,504 - hooks.CustomHooks -INFO - ----------------------- TEST STARTED -----------------------
2022-08-10 01:13:34,512 - hooks.CustomHooks -INFO - null => User execute GET users API
2022-08-10 01:13:43,312 - hooks.CustomHooks -INFO - null => User verify response code 200
2022-08-10 01:13:43,403 - hooks.CustomHooks -INFO - null => User verify response contains Sarada Marar
2022-08-10 01:13:43,411 - hooks.CustomHooks -INFO - null => TEST_001 - GET Users
2022-08-10 01:13:43,411 - hooks.CustomHooks -INFO - ---------------------- TEST COMPLETED ----------------------
2022-08-10 01:13:43,418 - hooks.CustomHooks -INFO - null => TEST_002 - GET Comments
2022-08-10 01:13:43,418 - hooks.CustomHooks -INFO - ----------------------- TEST STARTED -----------------------
2022-08-10 01:13:43,418 - hooks.CustomHooks -INFO - null => User execute GET Comments API
2022-08-10 01:13:44,649 - hooks.CustomHooks -INFO - null => User verify response code 200
2022-08-10 01:13:44,653 - hooks.CustomHooks -INFO - null => User verify response contains Javas Desai
2022-08-10 01:13:44,654 - hooks.CustomHooks -INFO - null => TEST_002 - GET Comments
2022-08-10 01:13:44,654 - hooks.CustomHooks -INFO - ---------------------- TEST COMPLETED ----------------------
2022-08-10 01:14:19,234 - hooks.CustomHooks -INFO - null => TEST_001 - GET Users
2022-08-10 01:14:19,239 - hooks.CustomHooks -INFO - ----------------------- TEST STARTED -----------------------
2022-08-10 01:14:19,247 - hooks.CustomHooks -INFO - null => User execute GET users API
2022-08-10 01:14:28,455 - hooks.CustomHooks -INFO - null => User verify response code 200
2022-08-10 01:14:28,551 - hooks.CustomHooks -INFO - null => User verify response contains Baalaaditya Kocchar
2022-08-10 01:14:28,552 - hooks.CustomHooks -INFO - null => TEST_001 - GET Users
2022-08-10 01:14:28,552 - hooks.CustomHooks -INFO - ---------------------- TEST COMPLETED ----------------------
2022-08-10 01:14:28,553 - hooks.CustomHooks -INFO - null => TEST_002 - GET Comments
2022-08-10 01:14:28,554 - hooks.CustomHooks -INFO - ----------------------- TEST STARTED -----------------------
2022-08-10 01:14:28,554 - hooks.CustomHooks -INFO - null => User execute GET Comments API
2022-08-10 01:14:29,776 - hooks.CustomHooks -INFO - null => User verify response code 200
2022-08-10 01:14:29,780 - hooks.CustomHooks -INFO - null => User verify response contains Javas Desai
2022-08-10 01:14:29,789 - hooks.CustomHooks -INFO - null => TEST_002 - GET Comments
2022-08-10 01:14:29,789 - hooks.CustomHooks -INFO - ---------------------- TEST COMPLETED ----------------------
2022-08-10 01:24:52,572 - stepDefinitions.Hooks -INFO - null => TEST_001 - GET Users
2022-08-10 01:24:52,576 - stepDefinitions.Hooks -INFO - ----------------------- TEST STARTED -----------------------
2022-08-10 01:24:52,586 - stepDefinitions.Hooks -INFO - null => User execute GET users API
2022-08-10 01:25:01,713 - stepDefinitions.Hooks -INFO - null => User verify response code 200
2022-08-10 01:25:01,808 - stepDefinitions.Hooks -INFO - null => User verify response contains Baalaaditya Kocchar
2022-08-10 01:25:01,813 - stepDefinitions.Hooks -INFO - null => TEST_001 - GET Users
2022-08-10 01:25:01,813 - stepDefinitions.Hooks -INFO - ---------------------- TEST COMPLETED ----------------------
2022-08-10 01:25:01,820 - stepDefinitions.Hooks -INFO - null => TEST_002 - GET Comments
2022-08-10 01:25:01,820 - stepDefinitions.Hooks -INFO - ----------------------- TEST STARTED -----------------------
2022-08-10 01:25:01,821 - stepDefinitions.Hooks -INFO - null => User execute GET Comments API
2022-08-10 01:25:03,003 - stepDefinitions.Hooks -INFO - null => User verify response code 200
2022-08-10 01:25:03,007 - stepDefinitions.Hooks -INFO - null => User verify response contains Javas Desai
2022-08-10 01:25:03,008 - stepDefinitions.Hooks -INFO - null => TEST_002 - GET Comments
2022-08-10 01:25:03,008 - stepDefinitions.Hooks -INFO - ---------------------- TEST COMPLETED ----------------------
2022-08-10 01:26:55,289 - stepDefinitions.Hooks -INFO - null => TEST_001 - GET Users
2022-08-10 01:26:55,294 - stepDefinitions.Hooks -INFO - ----------------------- TEST STARTED -----------------------
2022-08-10 01:26:55,305 - stepDefinitions.Hooks -INFO - null => User execute GET users API
2022-08-10 01:27:04,085 - stepDefinitions.Hooks -INFO - null => User verify response code 200
2022-08-10 01:27:04,168 - stepDefinitions.Hooks -INFO - null => User verify response contains Baalaaditya Kocchar
2022-08-10 01:27:04,174 - stepDefinitions.Hooks -INFO - null => TEST_001 - GET Users
2022-08-10 01:27:04,175 - stepDefinitions.Hooks -INFO - ---------------------- TEST COMPLETED ----------------------
2022-08-10 01:27:04,183 - stepDefinitions.Hooks -INFO - null => TEST_002 - GET Comments
2022-08-10 01:27:04,183 - stepDefinitions.Hooks -INFO - ----------------------- TEST STARTED -----------------------
2022-08-10 01:27:04,184 - stepDefinitions.Hooks -INFO - null => User execute GET Comments API
2022-08-10 01:27:05,310 - stepDefinitions.Hooks -INFO - null => User verify response code 200
2022-08-10 01:27:05,315 - stepDefinitions.Hooks -INFO - null => User verify response contains Javas Desai
2022-08-10 01:27:05,316 - stepDefinitions.Hooks -INFO - null => TEST_002 - GET Comments
2022-08-10 01:27:05,316 - stepDefinitions.Hooks -INFO - ---------------------- TEST COMPLETED ----------------------
2022-08-10 01:40:11,427 - reports.Report -INFO - null => User execute GET users API
2022-08-10 01:40:11,444 - reports.Report -INFO - null => User execute GET Comments API
2022-08-10 01:40:19,312 - reports.Report -INFO - null => User execute GET users API
2022-08-10 01:40:19,329 - reports.Report -INFO - null => User execute GET Comments API
2022-08-10 01:44:11,175 - Reporting.Report -INFO - null => TEST_001 - GET Users
2022-08-10 01:44:22,991 - Reporting.Report -INFO - ----------------------- TEST STARTED -----------------------
2022-08-10 01:45:07,900 - Reporting.Report -INFO - API-Demo.feature => TEST_001 - GET Users
2022-08-10 01:45:07,904 - Reporting.Report -INFO - ----------------------- TEST STARTED -----------------------
2022-08-10 01:45:07,958 - Reporting.Report -INFO - API-Demo.feature => User execute GET users API
2022-08-10 01:45:16,721 - Reporting.Report -INFO - API-Demo.feature => User verify response code 200
2022-08-10 01:45:16,810 - Reporting.Report -INFO - API-Demo.feature => User verify response contains Baalaaditya Kocchar
2022-08-10 01:45:16,815 - Reporting.Report -INFO - API-Demo.feature => TEST_001 - GET Users
2022-08-10 01:45:16,815 - Reporting.Report -INFO - ---------------------- TEST COMPLETED ----------------------
2022-08-10 01:45:16,822 - Reporting.Report -INFO - API-Demo.feature => TEST_002 - GET Comments
2022-08-10 01:45:16,823 - Reporting.Report -INFO - ----------------------- TEST STARTED -----------------------
2022-08-10 01:45:16,824 - Reporting.Report -INFO - API-Demo.feature => User execute GET Comments API
2022-08-10 01:45:18,146 - Reporting.Report -INFO - API-Demo.feature => User verify response code 200
2022-08-10 01:45:18,148 - Reporting.Report -INFO - API-Demo.feature => User verify response contains Javas Desai
2022-08-10 01:45:18,149 - Reporting.Report -INFO - API-Demo.feature => TEST_002 - GET Comments
2022-08-10 01:45:18,149 - Reporting.Report -INFO - ---------------------- TEST COMPLETED ----------------------
2022-08-10 09:01:18,994 - Reporting.Report -INFO - API-Demo.feature => TEST_001 - GET Users
2022-08-10 09:01:19,001 - Reporting.Report -INFO - ----------------------- TEST STARTED -----------------------
2022-08-10 09:01:19,076 - Reporting.Report -INFO - API-Demo.feature => User execute GET users API
2022-08-10 09:01:29,775 - Reporting.Report -INFO - API-Demo.feature => User verify response code 200
2022-08-10 09:01:29,895 - Reporting.Report -INFO - API-Demo.feature => User verify response contains Baalaaditya Kocchar
2022-08-10 09:01:29,900 - Reporting.Report -INFO - API-Demo.feature => TEST_001 - GET Users
2022-08-10 09:01:29,900 - Reporting.Report -INFO - ---------------------- TEST COMPLETED ----------------------
2022-08-10 09:01:29,909 - Reporting.Report -INFO - API-Demo.feature => TEST_002 - GET Comments
2022-08-10 09:01:29,909 - Reporting.Report -INFO - ----------------------- TEST STARTED -----------------------
2022-08-10 09:01:29,910 - Reporting.Report -INFO - API-Demo.feature => User execute GET Comments API
2022-08-10 09:01:30,836 - Reporting.Report -INFO - API-Demo.feature => User verify response code 200
2022-08-10 09:01:30,841 - Reporting.Report -INFO - API-Demo.feature => User verify response contains Javas Desai
2022-08-10 09:01:30,842 - Reporting.Report -INFO - API-Demo.feature => TEST_002 - GET Comments
2022-08-10 09:01:30,842 - Reporting.Report -INFO - ---------------------- TEST COMPLETED ----------------------
